app/manifest-merger-release-report.txt
-- Merging decision tree log ---
manifest
ADDED from AndroidManifest.xml:2:1
	xmlns:android
		ADDED from AndroidManifest.xml:2:11
	package
		ADDED from AndroidManifest.xml:3:5
		INJECTED from AndroidManifest.xml:0:0
		INJECTED from AndroidManifest.xml:0:0
	android:versionName
		INJECTED from AndroidManifest.xml:0:0
		INJECTED from AndroidManifest.xml:0:0
	android:versionCode
		INJECTED from AndroidManifest.xml:0:0
		INJECTED from AndroidManifest.xml:0:0
uses-permission#android.permission.VIBRATE
ADDED from AndroidManifest.xml:5:5
	android:name
		ADDED from AndroidManifest.xml:5:22
application
ADDED from AndroidManifest.xml:7:5
MERGED from com.android.support:recyclerview-v7:22.0.0:22:5
MERGED from com.android.support:support-v4:22.0.0:22:5
MERGED from com.android.support:appcompat-v7:22.0.0:22:5
MERGED from com.android.support:support-v4:22.0.0:22:5
MERGED from com.android.support:cardview-v7:21.0.3:16:5
MERGED from com.android.support:support-v4:22.0.0:22:5
MERGED from com.android.support:support-v4:22.0.0:22:5
MERGED from com.orhanobut:logger:1.4:11:5
MERGED from com.github.navasmdc:MaterialDesign:1.4:11:5
MERGED from com.afollestad:material-dialogs:0.7.0.1:12:5
MERGED from com.android.support:support-v4:22.0.0:22:5
MERGED from com.android.support:appcompat-v7:22.0.0:22:5
MERGED from com.android.support:support-v4:22.0.0:22:5
MERGED from com.android.support:recyclerview-v7:22.0.0:22:5
MERGED from com.android.support:support-v4:22.0.0:22:5
	android:label
		ADDED from AndroidManifest.xml:11:9
	android:allowBackup
		ADDED from AndroidManifest.xml:9:9
	android:icon
		ADDED from AndroidManifest.xml:10:9
	android:theme
		ADDED from AndroidManifest.xml:12:9
	android:name
		ADDED from AndroidManifest.xml:8:9
activity#com.next.newbo.ui.activity.ControlActivity
ADDED from AndroidManifest.xml:13:9
	android:label
		ADDED from AndroidManifest.xml:15:13
	android:name
		ADDED from AndroidManifest.xml:14:13
intent-filter#android.intent.action.MAIN+android.intent.category.LAUNCHER
ADDED from AndroidManifest.xml:16:13
action#android.intent.action.MAIN
ADDED from AndroidManifest.xml:17:17
	android:name
		ADDED from AndroidManifest.xml:17:25
category#android.intent.category.LAUNCHER
ADDED from AndroidManifest.xml:18:17
	android:name
		ADDED from AndroidManifest.xml:18:27
activity#com.next.newbo.ui.activity.LoginActivity
ADDED from AndroidManifest.xml:21:9
	android:label
		ADDED from AndroidManifest.xml:23:13
	android:name
		ADDED from AndroidManifest.xml:22:13
intent-filter#android.intent.category.DEFAULT
ADDED from AndroidManifest.xml:24:13
category#android.intent.category.DEFAULT
ADDED from AndroidManifest.xml:25:17
	android:name
		ADDED from AndroidManifest.xml:25:27
activity#com.next.newbo.ui.activity.MainActivity
ADDED from AndroidManifest.xml:28:9
	android:label
		ADDED from AndroidManifest.xml:31:13
	android:name
		ADDED from AndroidManifest.xml:29:13
	android:launchMode
		ADDED from AndroidManifest.xml:30:13
intent-filter#android.intent.action.MAIN+android.intent.category.DEFAULT
ADDED from AndroidManifest.xml:32:13
activity#com.next.newbo.ui.activity.WeiboDetailActivity
ADDED from AndroidManifest.xml:37:9
	android:label
		ADDED from AndroidManifest.xml:39:13
	android:name
		ADDED from AndroidManifest.xml:38:13
activity#com.next.newbo.ui.activity.UserProfileActivity
ADDED from AndroidManifest.xml:41:9
	android:label
		ADDED from AndroidManifest.xml:43:13
	android:name
		ADDED from AndroidManifest.xml:42:13
uses-sdk
INJECTED from AndroidManifest.xml:0:0 reason: use-sdk injection requested
MERGED from de.keyboardsurfer.android.widget:crouton:1.8.5:22:5
MERGED from com.android.support:recyclerview-v7:22.0.0:20:5
MERGED from com.android.support:support-v4:22.0.0:20:5
MERGED from com.android.support:appcompat-v7:22.0.0:20:5
MERGED from com.android.support:support-v4:22.0.0:20:5
MERGED from com.android.support:cardview-v7:21.0.3:15:5
MERGED from com.facebook.fresco:fresco:0.1.0:5:5
MERGED from com.facebook.fresco:imagepipeline:0.1.0:5:5
MERGED from com.android.support:support-v4:22.0.0:20:5
MERGED from com.facebook.fresco:fbcore:0.1.0:5:5
MERGED from com.facebook.fresco:drawee:0.1.0:5:5
MERGED from com.android.support:support-v4:22.0.0:20:5
MERGED from com.facebook.fresco:fbcore:0.1.0:5:5
MERGED from com.facebook.fresco:fbcore:0.1.0:5:5
MERGED from com.orhanobut:logger:1.4:7:5
MERGED from com.github.navasmdc:MaterialDesign:1.4:7:5
MERGED from com.afollestad:material-dialogs:0.7.0.1:8:5
MERGED from com.android.support:support-v4:22.0.0:20:5
MERGED from com.android.support:appcompat-v7:22.0.0:20:5
MERGED from com.android.support:support-v4:22.0.0:20:5
MERGED from com.android.support:recyclerview-v7:22.0.0:20:5
MERGED from com.android.support:support-v4:22.0.0:20:5
	android:targetSdkVersion
		INJECTED from AndroidManifest.xml:0:0
		INJECTED from AndroidManifest.xml:0:0
	android:minSdkVersion
		INJECTED from AndroidManifest.xml:0:0
		INJECTED from AndroidManifest.xml:0:0
activity#android.support.v7.widget.TestActivity
ADDED from com.android.support:recyclerview-v7:22.0.0:23:9
MERGED from com.android.support:recyclerview-v7:22.0.0:23:9
	android:label
		ADDED from com.android.support:recyclerview-v7:22.0.0:25:13
	android:name
		ADDED from com.android.support:recyclerview-v7:22.0.0:24:13